<?xml version="1.0" encoding="UTF-8"?>
<!-- Generated by org.testng.reporters.JUnitReportReporter -->
<testsuite hostname="Neha" failures="0" tests="5" name="dataProvider_Annotation.DataProvider_Annotation_FacebookLogin_giving_dataFrom_ExcelSheet_Input2" time="52.280" errors="0" timestamp="2025-03-07T18:20:26 IST" skipped="0">
  <testcase classname="dataProvider_Annotation.DataProvider_Annotation_FacebookLogin_giving_dataFrom_ExcelSheet_Input2" name="testCase1" time="10.407"/>
  <system-out/>
  <testcase classname="dataProvider_Annotation.DataProvider_Annotation_FacebookLogin_giving_dataFrom_ExcelSheet_Input2" name="testCase1" time="9.661"/>
  <system-out/>
  <testcase classname="dataProvider_Annotation.DataProvider_Annotation_FacebookLogin_giving_dataFrom_ExcelSheet_Input2" name="testCase1" time="11.257"/>
  <system-out/>
  <testcase classname="dataProvider_Annotation.DataProvider_Annotation_FacebookLogin_giving_dataFrom_ExcelSheet_Input2" name="testCase1" time="13.682"/>
  <system-out/>
  <testcase classname="dataProvider_Annotation.DataProvider_Annotation_FacebookLogin_giving_dataFrom_ExcelSheet_Input2" name="testCase1" time="7.273"/>
  <system-out/>
</testsuite> <!-- dataProvider_Annotation.DataProvider_Annotation_FacebookLogin_giving_dataFrom_ExcelSheet_Input2 -->
