<?xml version="1.0" encoding="UTF-8"?>
<!-- Generated by org.testng.reporters.JUnitReportReporter -->
<testsuite hostname="Neha" failures="0" tests="5" name="startingWithTestNG.DataProvider_Annotation_GoogleSearch_giving_String_Input" time="53.223" errors="0" timestamp="2025-03-05T17:21:36 IST" skipped="0">
  <testcase classname="startingWithTestNG.DataProvider_Annotation_GoogleSearch_giving_String_Input" name="testCase1" time="6.010"/>
  <system-out/>
  <testcase classname="startingWithTestNG.DataProvider_Annotation_GoogleSearch_giving_String_Input" name="testCase1" time="23.692"/>
  <system-out/>
  <testcase classname="startingWithTestNG.DataProvider_Annotation_GoogleSearch_giving_String_Input" name="testCase1" time="5.666"/>
  <system-out/>
  <testcase classname="startingWithTestNG.DataProvider_Annotation_GoogleSearch_giving_String_Input" name="testCase1" time="7.321"/>
  <system-out/>
  <testcase classname="startingWithTestNG.DataProvider_Annotation_GoogleSearch_giving_String_Input" name="testCase1" time="10.534"/>
  <system-out/>
</testsuite> <!-- startingWithTestNG.DataProvider_Annotation_GoogleSearch_giving_String_Input -->
