<?xml version="1.0" encoding="UTF-8"?>
<!-- Generated by org.testng.reporters.JUnitReportReporter -->
<testsuite hostname="Neha" failures="0" tests="1" name="pom_TestCases.TestCase_3" time="24.102" errors="0" timestamp="2025-03-31T09:23:11 IST" skipped="0">
  <testcase classname="pom_TestCases.TestCase_3" name="login_search_wishlist_removeFromCart_logout" time="24.102"/>
  <system-out/>
</testsuite> <!-- pom_TestCases.TestCase_3 -->
