<?xml version="1.0" encoding="UTF-8"?>
<!-- Generated by org.testng.reporters.JUnitReportReporter -->
<testsuite hostname="Neha" failures="0" tests="7" name="startingWithTestNG.Passing_Multiple_Parameter_Together" time="0.068" errors="0" timestamp="2025-03-03T10:07:33 IST" skipped="0">
  <testcase classname="startingWithTestNG.Passing_Multiple_Parameter_Together" name="search" time="0.002"/>
  <system-out/>
  <testcase classname="startingWithTestNG.Passing_Multiple_Parameter_Together" name="logout" time="0.041"/>
  <system-out/>
  <testcase classname="startingWithTestNG.Passing_Multiple_Parameter_Together" name="login" time="0.001"/>
  <system-out/>
  <testcase classname="startingWithTestNG.Passing_Multiple_Parameter_Together" name="login" time="0.000"/>
  <system-out/>
  <testcase classname="startingWithTestNG.Passing_Multiple_Parameter_Together" name="login" time="0.003"/>
  <system-out/>
  <testcase classname="startingWithTestNG.Passing_Multiple_Parameter_Together" name="login" time="0.020"/>
  <system-out/>
  <testcase classname="startingWithTestNG.Passing_Multiple_Parameter_Together" name="login" time="0.001"/>
  <system-out/>
</testsuite> <!-- startingWithTestNG.Passing_Multiple_Parameter_Together -->
