<?xml version="1.0" encoding="UTF-8"?>
<!-- Generated by org.testng.reporters.JUnitReportReporter -->
<testsuite hostname="Neha" failures="0" tests="3" name="startingWithTestNG.TestCase_Cross_Browser" time="37.041" errors="0" timestamp="2025-03-04T01:23:06 IST" skipped="0">
  <testcase classname="startingWithTestNG.TestCase_Cross_Browser" name="launchBrowser" time="10.149"/>
  <system-out/>
  <testcase classname="startingWithTestNG.TestCase_Cross_Browser" name="launchBrowser" time="11.244"/>
  <system-out/>
  <testcase classname="startingWithTestNG.TestCase_Cross_Browser" name="launchBrowser" time="15.648"/>
  <system-out/>
</testsuite> <!-- startingWithTestNG.TestCase_Cross_Browser -->
