<?xml version="1.0" encoding="UTF-8"?>
<!-- Generated by org.testng.reporters.JUnitReportReporter -->
<testsuite hostname="Neha" failures="0" tests="1" name="startingWithTestNG.All_9_Annotations" time="0.008" errors="0" timestamp="2025-02-28T07:46:28 IST" skipped="0">
  <testcase classname="startingWithTestNG.All_9_Annotations" name="testcase1" time="0.008"/>
  <system-out/>
</testsuite> <!-- startingWithTestNG.All_9_Annotations -->
