<?xml version="1.0" encoding="UTF-8"?>
<!-- Generated by org.testng.reporters.JUnitReportReporter -->
<testsuite hostname="Neha" failures="0" tests="1" name="googleSearch_Suite.GoogleSearch_Pass_India" time="20.586" errors="0" timestamp="2025-03-13T19:26:57 IST" skipped="0">
  <testcase classname="googleSearch_Suite.GoogleSearch_Pass_India" name="searchIndia" time="20.586"/>
  <system-out/>
</testsuite> <!-- googleSearch_Suite.GoogleSearch_Pass_India -->
