<?xml version="1.0" encoding="UTF-8"?>
<!-- Generated by org.testng.reporters.JUnitReportReporter -->
<testsuite hostname="Neha" failures="0" tests="1" name="assert_Class.Assert_assertEquals_Methods" time="0.017" errors="0" timestamp="2025-03-07T19:41:06 IST" skipped="0">
  <testcase classname="assert_Class.Assert_assertEquals_Methods" name="testCase1" time="0.017"/>
  <system-out/>
</testsuite> <!-- assert_Class.Assert_assertEquals_Methods -->
