<?xml version="1.0" encoding="UTF-8"?>
<!-- Generated by org.testng.reporters.JUnitReportReporter -->
<testsuite hostname="Neha" failures="0" tests="1" name="parallel_Testing.TestCase_2" time="15.907" errors="0" timestamp="2025-03-11T20:36:30 IST" skipped="0">
  <testcase classname="parallel_Testing.TestCase_2" name="clickImages" time="15.907"/>
  <system-out/>
</testsuite> <!-- parallel_Testing.TestCase_2 -->
