<?xml version="1.0" encoding="UTF-8"?>
<!-- Generated by org.testng.reporters.JUnitReportReporter -->
<testsuite hostname="Neha" failures="0" tests="3" name="startingWithTestNG.TestCase_Parallel_Browser" time="40.508" errors="0" timestamp="2025-03-04T01:58:24 IST" skipped="0">
  <testcase classname="startingWithTestNG.TestCase_Parallel_Browser" name="launchBrowser" time="17.724"/>
  <system-out/>
  <testcase classname="startingWithTestNG.TestCase_Parallel_Browser" name="launchBrowser" time="11.738"/>
  <system-out/>
  <testcase classname="startingWithTestNG.TestCase_Parallel_Browser" name="launchBrowser" time="11.046"/>
  <system-out/>
</testsuite> <!-- startingWithTestNG.TestCase_Parallel_Browser -->
