<?xml version="1.0" encoding="UTF-8"?>
<!-- Generated by org.testng.reporters.JUnitReportReporter -->
<testsuite hostname="Neha" failures="0" tests="5" name="dataProvider_Annotation.DataProvider_Annotation_FacebookLogin_giving_String_Input" time="32.997" errors="0" timestamp="2025-03-06T19:21:25 IST" skipped="0">
  <testcase classname="dataProvider_Annotation.DataProvider_Annotation_FacebookLogin_giving_String_Input" name="testCase1" time="6.304"/>
  <system-out/>
  <testcase classname="dataProvider_Annotation.DataProvider_Annotation_FacebookLogin_giving_String_Input" name="testCase1" time="6.709"/>
  <system-out/>
  <testcase classname="dataProvider_Annotation.DataProvider_Annotation_FacebookLogin_giving_String_Input" name="testCase1" time="6.211"/>
  <system-out/>
  <testcase classname="dataProvider_Annotation.DataProvider_Annotation_FacebookLogin_giving_String_Input" name="testCase1" time="7.123"/>
  <system-out/>
  <testcase classname="dataProvider_Annotation.DataProvider_Annotation_FacebookLogin_giving_String_Input" name="testCase1" time="6.650"/>
  <system-out/>
</testsuite> <!-- dataProvider_Annotation.DataProvider_Annotation_FacebookLogin_giving_String_Input -->
