<?xml version="1.0" encoding="UTF-8"?>
<!-- Generated by org.testng.reporters.JUnitReportReporter -->
<testsuite hostname="Neha" failures="0" tests="1" name="startingWithTestNG.Test_Case_1" time="0.012" errors="0" timestamp="2025-03-11T20:48:15 IST" skipped="0">
  <testcase classname="startingWithTestNG.Test_Case_1" name="testcase_1" time="0.012"/>
  <system-out/>
</testsuite> <!-- startingWithTestNG.Test_Case_1 -->
