<?xml version="1.0" encoding="UTF-8"?>
<!-- Generated by org.testng.reporters.JUnitReportReporter -->
<testsuite hostname="Neha" failures="0" tests="1" name="pom_TestCases.TestCase_2" time="28.878" errors="0" timestamp="2025-03-30T18:59:03 IST" skipped="0">
  <testcase classname="pom_TestCases.TestCase_2" name="login_search_wishlist_removeFromCart_logout" time="28.878"/>
  <system-out/>
</testsuite> <!-- pom_TestCases.TestCase_2 -->
