<?xml version="1.0" encoding="UTF-8"?>
<!-- Generated by org.testng.reporters.JUnitReportReporter -->
<testsuite hostname="Neha" failures="0" tests="7" name="startingWithTestNG.Passing_Parameter_timeOuts" time="0.058" errors="0" timestamp="2025-03-02T19:07:58 IST" skipped="0">
  <testcase classname="startingWithTestNG.Passing_Parameter_timeOuts" name="login" time="0.000"/>
  <system-out/>
  <testcase classname="startingWithTestNG.Passing_Parameter_timeOuts" name="login" time="0.001"/>
  <system-out/>
  <testcase classname="startingWithTestNG.Passing_Parameter_timeOuts" name="login" time="0.002"/>
  <system-out/>
  <testcase classname="startingWithTestNG.Passing_Parameter_timeOuts" name="login" time="0.001"/>
  <system-out/>
  <testcase classname="startingWithTestNG.Passing_Parameter_timeOuts" name="login" time="0.014"/>
  <system-out/>
  <testcase classname="startingWithTestNG.Passing_Parameter_timeOuts" name="search" time="0.001"/>
  <system-out/>
  <testcase classname="startingWithTestNG.Passing_Parameter_timeOuts" name="logout" time="0.039"/>
  <system-out/>
</testsuite> <!-- startingWithTestNG.Passing_Parameter_timeOuts -->
