<?xml version="1.0" encoding="UTF-8"?>
<!-- Generated by org.testng.reporters.JUnitReportReporter -->
<testsuite hostname="Neha" failures="0" tests="2" name="startingWithTestNG.Question_4_having_2Test_1BM_1AM" time="0.024" errors="0" timestamp="2025-02-28T07:33:59 IST" skipped="0">
  <testcase classname="startingWithTestNG.Question_4_having_2Test_1BM_1AM" name="testCase_2" time="0.011"/>
  <system-out/>
  <testcase classname="startingWithTestNG.Question_4_having_2Test_1BM_1AM" name="testCase_1" time="0.013"/>
  <system-out/>
</testsuite> <!-- startingWithTestNG.Question_4_having_2Test_1BM_1AM -->
