<?xml version="1.0" encoding="UTF-8"?>
<!-- Generated by org.testng.reporters.JUnitReportReporter -->
<testsuite hostname="Neha" failures="0" tests="3" name="startingWithTestNG.TestCase_Browser" time="42.510" errors="0" timestamp="2025-03-04T01:00:30 IST" skipped="0">
  <testcase classname="startingWithTestNG.TestCase_Browser" name="launchBrowser" time="11.796"/>
  <system-out/>
  <testcase classname="startingWithTestNG.TestCase_Browser" name="launchBrowser" time="13.741"/>
  <system-out/>
  <testcase classname="startingWithTestNG.TestCase_Browser" name="launchBrowser" time="16.973"/>
  <system-out/>
</testsuite> <!-- startingWithTestNG.TestCase_Browser -->
