<?xml version="1.0" encoding="UTF-8"?>
<!-- Generated by org.testng.reporters.JUnitReportReporter -->
<testsuite hostname="Neha" failures="0" tests="1" name="pom_TestCases.TestCase_1" time="31.724" errors="0" timestamp="2025-03-30T18:39:22 IST" skipped="0">
  <testcase classname="pom_TestCases.TestCase_1" name="login_search_wishlist_cart_logout" time="31.724"/>
  <system-out/>
</testsuite> <!-- pom_TestCases.TestCase_1 -->
