<?xml version="1.0" encoding="UTF-8"?>
<!-- Generated by org.testng.reporters.JUnitReportReporter -->
<testsuite hostname="Neha" failures="0" tests="1" name="startingWithTestNG.TestCase_2_as_Clicking_Images_onGoogle" time="10.056" errors="0" timestamp="2025-03-03T10:43:24 IST" skipped="0">
  <testcase classname="startingWithTestNG.TestCase_2_as_Clicking_Images_onGoogle" name="clickImages" time="10.056"/>
  <system-out/>
</testsuite> <!-- startingWithTestNG.TestCase_2_as_Clicking_Images_onGoogle -->
