<?xml version="1.0" encoding="UTF-8"?>
<!-- Generated by org.testng.reporters.JUnitReportReporter -->
<testsuite hostname="Neha" failures="0" tests="2" name="startingWithTestNG.LoginScenarios_with2TestCases" time="0.016" errors="0" timestamp="2025-02-27T16:25:51 IST" skipped="0">
  <testcase classname="startingWithTestNG.LoginScenarios_with2TestCases" name="loginWithEmailId" time="0.015"/>
  <system-out/>
  <testcase classname="startingWithTestNG.LoginScenarios_with2TestCases" name="loginWithPhoneNo" time="0.001"/>
  <system-out/>
</testsuite> <!-- startingWithTestNG.LoginScenarios_with2TestCases -->
