<?xml version="1.0" encoding="UTF-8"?>
<!-- Generated by org.testng.reporters.JUnitReportReporter -->
<testsuite hostname="Neha" failures="0" tests="17" name="startingWithTestNG.Run_same_testCase_multiple_times" time="0.036" errors="0" timestamp="2025-03-02T18:32:26 IST" skipped="0">
  <testcase classname="startingWithTestNG.Run_same_testCase_multiple_times" name="buy" time="0.002"/>
  <system-out/>
  <testcase classname="startingWithTestNG.Run_same_testCase_multiple_times" name="buy" time="0.001"/>
  <system-out/>
  <testcase classname="startingWithTestNG.Run_same_testCase_multiple_times" name="buy" time="0.001"/>
  <system-out/>
  <testcase classname="startingWithTestNG.Run_same_testCase_multiple_times" name="buy" time="0.001"/>
  <system-out/>
  <testcase classname="startingWithTestNG.Run_same_testCase_multiple_times" name="login" time="0.003"/>
  <system-out/>
  <testcase classname="startingWithTestNG.Run_same_testCase_multiple_times" name="buy" time="0.002"/>
  <system-out/>
  <testcase classname="startingWithTestNG.Run_same_testCase_multiple_times" name="buy" time="0.001"/>
  <system-out/>
  <testcase classname="startingWithTestNG.Run_same_testCase_multiple_times" name="login" time="0.001"/>
  <system-out/>
  <testcase classname="startingWithTestNG.Run_same_testCase_multiple_times" name="buy" time="0.013"/>
  <system-out/>
  <testcase classname="startingWithTestNG.Run_same_testCase_multiple_times" name="buy" time="0.002"/>
  <system-out/>
  <testcase classname="startingWithTestNG.Run_same_testCase_multiple_times" name="buy" time="0.001"/>
  <system-out/>
  <testcase classname="startingWithTestNG.Run_same_testCase_multiple_times" name="buy" time="0.001"/>
  <system-out/>
  <testcase classname="startingWithTestNG.Run_same_testCase_multiple_times" name="buy" time="0.002"/>
  <system-out/>
  <testcase classname="startingWithTestNG.Run_same_testCase_multiple_times" name="buy" time="0.001"/>
  <system-out/>
  <testcase classname="startingWithTestNG.Run_same_testCase_multiple_times" name="buy" time="0.001"/>
  <system-out/>
  <testcase classname="startingWithTestNG.Run_same_testCase_multiple_times" name="buy" time="0.001"/>
  <system-out/>
  <testcase classname="startingWithTestNG.Run_same_testCase_multiple_times" name="buy" time="0.002"/>
  <system-out/>
</testsuite> <!-- startingWithTestNG.Run_same_testCase_multiple_times -->
