<?xml version="1.0" encoding="UTF-8"?>
<!-- Generated by org.testng.reporters.JUnitReportReporter -->
<testsuite hostname="Neha" failures="0" tests="1" name="assert_Class.Assert_assertEquals_Method_LaunchingBrowser" time="9.965" errors="0" timestamp="2025-03-07T19:47:25 IST" skipped="0">
  <testcase classname="assert_Class.Assert_assertEquals_Method_LaunchingBrowser" name="testCase1" time="9.965"/>
  <system-out/>
</testsuite> <!-- assert_Class.Assert_assertEquals_Method_LaunchingBrowser -->
