<?xml version="1.0" encoding="UTF-8"?>
<!-- Generated by org.testng.reporters.JUnitReportReporter -->
<testsuite hostname="Neha" failures="0" tests="5" name="grouping_TestCases.Group_1_TestCase" time="0.015" errors="0" timestamp="2025-03-13T19:57:44 IST" skipped="0">
  <testcase classname="grouping_TestCases.Group_1_TestCase" name="testcase_1" time="0.010"/>
  <system-out/>
  <testcase classname="grouping_TestCases.Group_1_TestCase" name="testcase_3" time="0.001"/>
  <system-out/>
  <testcase classname="grouping_TestCases.Group_1_TestCase" name="testcase_4" time="0.001"/>
  <system-out/>
  <testcase classname="grouping_TestCases.Group_1_TestCase" name="testcase_1" time="0.002"/>
  <system-out/>
  <testcase classname="grouping_TestCases.Group_1_TestCase" name="testcase_2" time="0.001"/>
  <system-out/>
</testsuite> <!-- grouping_TestCases.Group_1_TestCase -->
