<?xml version="1.0" encoding="UTF-8"?>
<!-- Generated by org.testng.reporters.JUnitReportReporter -->
<testsuite hostname="Neha" failures="0" tests="3" name="startingWithTestNG.Sign_Up_with_Priority_3" time="0.017" errors="0" timestamp="2025-02-28T08:11:42 IST" skipped="0">
  <testcase classname="startingWithTestNG.Sign_Up_with_Priority_3" name="registeration" time="0.013"/>
  <system-out/>
  <testcase classname="startingWithTestNG.Sign_Up_with_Priority_3" name="logout" time="0.001"/>
  <system-out/>
  <testcase classname="startingWithTestNG.Sign_Up_with_Priority_3" name="login" time="0.003"/>
  <system-out/>
</testsuite> <!-- startingWithTestNG.Sign_Up_with_Priority_3 -->
