<?xml version="1.0" encoding="UTF-8"?>
<!-- Generated by org.testng.reporters.JUnitReportReporter -->
<testsuite hostname="Neha" failures="0" tests="3" name="startingWithTestNG.Sign_Up_with_Priority_2" time="0.015" errors="0" timestamp="2025-02-28T08:10:17 IST" skipped="0">
  <testcase classname="startingWithTestNG.Sign_Up_with_Priority_2" name="registeration" time="0.012"/>
  <system-out/>
  <testcase classname="startingWithTestNG.Sign_Up_with_Priority_2" name="login" time="0.002"/>
  <system-out/>
  <testcase classname="startingWithTestNG.Sign_Up_with_Priority_2" name="logout" time="0.001"/>
  <system-out/>
</testsuite> <!-- startingWithTestNG.Sign_Up_with_Priority_2 -->
