<?xml version="1.0" encoding="UTF-8"?>
<!-- Generated by org.testng.reporters.JUnitReportReporter -->
<testsuite hostname="Neha" failures="0" tests="1" name="parallel_Testing.TestCase_6" time="43.945" errors="0" timestamp="2025-03-11T20:33:02 IST" skipped="0">
  <testcase classname="parallel_Testing.TestCase_6" name="clickIamFeelingLuckyButton" time="43.945"/>
  <system-out/>
</testsuite> <!-- parallel_Testing.TestCase_6 -->
