<?xml version="1.0" encoding="UTF-8"?>
<!-- Generated by org.testng.reporters.JUnitReportReporter -->
<testsuite hostname="Neha" failures="0" tests="1" name="startingWithTestNG.TestCase_1_as_Clicking_Gmail" time="19.458" errors="0" timestamp="2025-03-03T10:43:24 IST" skipped="0">
  <testcase classname="startingWithTestNG.TestCase_1_as_Clicking_Gmail" name="clickGmail" time="19.458"/>
  <system-out/>
</testsuite> <!-- startingWithTestNG.TestCase_1_as_Clicking_Gmail -->
