<?xml version="1.0" encoding="UTF-8"?>
<!-- Generated by org.testng.reporters.JUnitReportReporter -->
<testsuite hostname="Neha" failures="0" tests="1" name="assert_Class.LoginToAmazon_CheckIfTitleIsSame_TestCaseGotPassed_2" time="8.602" errors="0" timestamp="2025-03-10T21:43:05 IST" skipped="0">
  <testcase classname="assert_Class.LoginToAmazon_CheckIfTitleIsSame_TestCaseGotPassed_2" name="loginMethod" time="8.602"/>
  <system-out/>
</testsuite> <!-- assert_Class.LoginToAmazon_CheckIfTitleIsSame_TestCaseGotPassed_2 -->
