<?xml version="1.0" encoding="UTF-8"?>
<!-- Generated by org.testng.reporters.JUnitReportReporter -->
<testsuite hostname="Neha" failures="0" tests="2" name="dataProvider_Annotation.DataProvider_Annotation_FacebookLogin_giving_dataFrom_ExcelSheet_Input" time="53.492" errors="0" timestamp="2025-03-06T21:23:48 IST" skipped="0">
  <testcase classname="dataProvider_Annotation.DataProvider_Annotation_FacebookLogin_giving_dataFrom_ExcelSheet_Input" name="testCase1" time="26.717"/>
  <system-out/>
  <testcase classname="dataProvider_Annotation.DataProvider_Annotation_FacebookLogin_giving_dataFrom_ExcelSheet_Input" name="testCase1" time="26.775"/>
  <system-out/>
</testsuite> <!-- dataProvider_Annotation.DataProvider_Annotation_FacebookLogin_giving_dataFrom_ExcelSheet_Input -->
