<?xml version="1.0" encoding="UTF-8"?>
<!-- Generated by org.testng.reporters.JUnitReportReporter -->
<testsuite hostname="Neha" failures="0" tests="22" name="startingWithTestNG.Enable_and_Disable_testCases" time="0.086" errors="0" timestamp="2025-03-15T11:16:30 IST" skipped="1">
  <testcase classname="startingWithTestNG.Enable_and_Disable_testCases" name="login" time="0.004"/>
  <system-out/>
  <testcase classname="startingWithTestNG.Enable_and_Disable_testCases" name="buy" time="0.002"/>
  <system-out/>
  <testcase classname="startingWithTestNG.Enable_and_Disable_testCases" name="buy" time="0.001"/>
  <system-out/>
  <testcase classname="startingWithTestNG.Enable_and_Disable_testCases" name="buy" time="0.002"/>
  <system-out/>
  <testcase classname="startingWithTestNG.Enable_and_Disable_testCases" name="buy" time="0.002"/>
  <system-out/>
  <testcase classname="startingWithTestNG.Enable_and_Disable_testCases" name="buy" time="0.004"/>
  <system-out/>
  <testcase classname="startingWithTestNG.Enable_and_Disable_testCases" name="buy" time="0.005"/>
  <system-out/>
  <testcase classname="startingWithTestNG.Enable_and_Disable_testCases" name="login" time="0.002"/>
  <system-out/>
  <testcase classname="startingWithTestNG.Enable_and_Disable_testCases" name="buy" time="0.002"/>
  <system-out/>
  <testcase classname="startingWithTestNG.Enable_and_Disable_testCases" name="buy" time="0.001"/>
  <system-out/>
  <testcase classname="startingWithTestNG.Enable_and_Disable_testCases" name="buy" time="0.001"/>
  <system-out/>
  <testcase classname="startingWithTestNG.Enable_and_Disable_testCases" name="buy" time="0.004"/>
  <system-out/>
  <testcase classname="startingWithTestNG.Enable_and_Disable_testCases" name="buy" time="0.002"/>
  <system-out/>
  <testcase classname="startingWithTestNG.Enable_and_Disable_testCases" name="login" time="0.001"/>
  <system-out/>
  <testcase classname="startingWithTestNG.Enable_and_Disable_testCases" name="buy" time="0.017"/>
  <system-out/>
  <testcase classname="startingWithTestNG.Enable_and_Disable_testCases" name="buy" time="0.002"/>
  <system-out/>
  <testcase classname="startingWithTestNG.Enable_and_Disable_testCases" name="buy" time="0.005"/>
  <system-out/>
  <testcase classname="startingWithTestNG.Enable_and_Disable_testCases" name="login" time="0.002"/>
  <system-out/>
  <testcase classname="startingWithTestNG.Enable_and_Disable_testCases" name="addToCart" time="0.023"/>
  <system-out/>
  <testcase classname="startingWithTestNG.Enable_and_Disable_testCases" name="login" time="0.003"/>
  <system-out/>
  <testcase classname="startingWithTestNG.Enable_and_Disable_testCases" name="buy" time="0.001"/>
  <system-out/>
  <testcase classname="startingWithTestNG.Enable_and_Disable_testCases" name="search">
    <skipped/>
  </testcase> <!-- search -->
  <system-out/>
</testsuite> <!-- startingWithTestNG.Enable_and_Disable_testCases -->
