<?xml version="1.0" encoding="UTF-8"?>
<!-- Generated by org.testng.reporters.JUnitReportReporter -->
<testsuite hostname="Neha" failures="0" tests="1" name="packagename.ProjectName.First_Program" time="15.142" errors="0" timestamp="2025-02-26T19:59:36 IST" skipped="0">
  <testcase classname="packagename.ProjectName.First_Program" name="login" time="15.142"/>
  <system-out/>
</testsuite> <!-- packagename.ProjectName.First_Program -->
