<?xml version="1.0" encoding="UTF-8"?>
<!-- Generated by org.testng.reporters.JUnitReportReporter -->
<testsuite hostname="Neha" failures="0" tests="1" name="assert_Class.AddToCart_Shoe_UsingGetTextMethodCheckIfPageDisplayedIsCorrect" time="36.696" errors="0" timestamp="2025-03-10T20:10:32 IST" skipped="0">
  <testcase classname="assert_Class.AddToCart_Shoe_UsingGetTextMethodCheckIfPageDisplayedIsCorrect" name="addToCartMethod" time="36.696"/>
  <system-out/>
</testsuite> <!-- assert_Class.AddToCart_Shoe_UsingGetTextMethodCheckIfPageDisplayedIsCorrect -->
