<?xml version="1.0" encoding="UTF-8"?>
<!-- Generated by org.testng.reporters.JUnitReportReporter -->
<testsuite hostname="Neha" failures="0" tests="1" name="startingWithTestNG.First_TestNG_Program" time="0.015" errors="0" timestamp="2025-02-28T07:32:10 IST" skipped="0">
  <testcase classname="startingWithTestNG.First_TestNG_Program" name="testcase1" time="0.015"/>
  <system-out/>
</testsuite> <!-- startingWithTestNG.First_TestNG_Program -->
