<?xml version="1.0" encoding="UTF-8"?>
<!-- Generated by org.testng.reporters.JUnitReportReporter -->
<testsuite hostname="Neha" failures="0" tests="3" name="startingWithTestNG.Test_Caese_3_Present_Together" time="0.002" errors="0" timestamp="2025-04-01T14:34:20 IST" skipped="0">
  <testcase classname="startingWithTestNG.Test_Caese_3_Present_Together" name="test_3" time="0.001"/>
  <testcase classname="startingWithTestNG.Test_Caese_3_Present_Together" name="test_2" time="0.000"/>
  <testcase classname="startingWithTestNG.Test_Caese_3_Present_Together" name="test_1" time="0.001"/>
</testsuite> <!-- startingWithTestNG.Test_Caese_3_Present_Together -->
