<?xml version="1.0" encoding="UTF-8"?>
<!-- Generated by org.testng.reporters.JUnitReportReporter -->
<testsuite hostname="Neha" failures="0" tests="4" name="grouping_TestCases.Group_1_TestCase" time="0.006" errors="0" timestamp="2025-04-01T14:34:20 IST" skipped="0">
  <testcase classname="grouping_TestCases.Group_1_TestCase" name="testcase_1" time="0.004"/>
  <testcase classname="grouping_TestCases.Group_1_TestCase" name="testcase_3" time="0.001"/>
  <testcase classname="grouping_TestCases.Group_1_TestCase" name="testcase_2" time="0.001"/>
  <testcase classname="grouping_TestCases.Group_1_TestCase" name="testcase_4" time="0.000"/>
</testsuite> <!-- grouping_TestCases.Group_1_TestCase -->
