<?xml version="1.0" encoding="UTF-8"?>
<!-- Generated by org.testng.reporters.JUnitReportReporter -->
<testsuite hostname="Neha" failures="0" tests="1" name="startingWithTestNG.Test_Case_1" time="0.000" errors="0" timestamp="2025-04-01T14:34:20 IST" skipped="0">
  <testcase classname="startingWithTestNG.Test_Case_1" name="testcase_1" time="0.000"/>
</testsuite> <!-- startingWithTestNG.Test_Case_1 -->
