<?xml version="1.0" encoding="UTF-8"?>
<!-- Generated by org.testng.reporters.JUnitReportReporter -->
<testsuite hostname="Neha" failures="0" tests="1" name="pom_TestCases.TestCase_1" time="28.475" errors="0" timestamp="2025-04-01T19:21:36 IST" skipped="0">
  <testcase classname="pom_TestCases.TestCase_1" name="login_search_wishlist_cart_logout" time="28.475"/>
</testsuite> <!-- pom_TestCases.TestCase_1 -->
