<?xml version="1.0" encoding="UTF-8"?>
<!-- Generated by org.testng.reporters.JUnitReportReporter -->
<testsuite hostname="Neha" failures="0" tests="1" name="startingWithTestNG.TestCase_1_as_Clicking_Gmail" time="9.218" errors="0" timestamp="2025-04-01T14:34:20 IST" skipped="0">
  <testcase classname="startingWithTestNG.TestCase_1_as_Clicking_Gmail" name="clickGmail" time="9.218"/>
</testsuite> <!-- startingWithTestNG.TestCase_1_as_Clicking_Gmail -->
