<?xml version="1.0" encoding="UTF-8"?>
<!-- Generated by org.testng.reporters.JUnitReportReporter -->
<testsuite hostname="Neha" failures="0" tests="1" name="startingWithTestNG.TestCase_2_as_Clicking_Images_onGoogle" time="5.413" errors="0" timestamp="2025-04-01T14:34:20 IST" skipped="0">
  <testcase classname="startingWithTestNG.TestCase_2_as_Clicking_Images_onGoogle" name="clickImages" time="5.413"/>
</testsuite> <!-- startingWithTestNG.TestCase_2_as_Clicking_Images_onGoogle -->
