<?xml version="1.0" encoding="UTF-8"?>
<!-- Generated by org.testng.reporters.JUnitReportReporter -->
<testsuite hostname="Neha" failures="0" tests="1" name="startingWithTestNG.Test_Case_3" time="0.001" errors="0" timestamp="2025-04-01T14:34:20 IST" skipped="0">
  <testcase classname="startingWithTestNG.Test_Case_3" name="testcase_3" time="0.001"/>
</testsuite> <!-- startingWithTestNG.Test_Case_3 -->
